<TEI xmlns="http://www.tei-c.org/ns/1.0" xmlns:xi="http://www.w3.org/2001/XInclude">
 <teiHeader>
  <fileDesc>
   <titleStmt>
    <title xml:id="test_front"> Тестовый файл для фронта. Tolstoy Digital </title>
    <title type="main"> Тестовый файл для фронта </title>
    <title type="sub"> тестовая версия</title>
    <author> Толстой Лев Николаевич </author>
    <respStmt>
     <resp> Идея, постановка задач, руководство </resp>
     <name> Анастасия Бонч-Осмоловская, Фёкла Толстая, Борис Орехов, Тимофей Лукашевский </name>
    </respStmt>
    <respStmt>
     <resp> Подготовка TEI/XML </resp>
     <name> Мария Картышева, Евгений Можаев, Даниил Скоринкин, Елена Сидорова, Вероника Файнберг,
      Кирилл Милинцевич, Лев Буланов, Макар Федоров </name>
    </respStmt>
    <funder> Проект «Слово Толстого» </funder>
   </titleStmt>
   <publicationStmt>
    <publisher>
     <orgName> Центр Digital Humanities НИУ ВШЭ, Научно-образовательный союз «Родное Слово», проект
      «Слово Толстого» </orgName>
    </publisher>
    <availability>
     <p id="ebadd9f0-5268-4b85-8001-3c0516d6dad9"> Тексты и метатекстовая разметка доступны для свободного использования и распространения по
      лицензии Creative Commons Attribution Share-Alike (cc by-sa) </p>
    </availability>
    <date from="2015" to="2022"/>
   </publicationStmt>
   <notesStmt>
    <note> Публикуемые документы был получены с сайта tolstoy.ru в формате html, переведены в формат
     TEI, исправлены некоторые ошибки распознавания. Текстам, написанным в дореформенной орфографии,
     сопоставлены их версии в современной орфографии. </note>
   </notesStmt>
   <sourceDesc>
    <biblStruct>
     <analytic>
      <author> Толстой Лев Николаевич </author>
      <title level="a"> Патриотизм или мир? </title>
     </analytic>
     <monogr>
      <title level="m"> Полное собрание сочинений. Том 90 </title>
      <imprint>
       <pubPlace> Москва </pubPlace>
       <publisher> Государственное издательство «Художественная литература» </publisher>
       <date when="1958"/>
      </imprint>
      <biblScope unit="volume"> 90 </biblScope>
      <biblScope unit="page"> 45-53 </biblScope>
     </monogr>
     <series>
      <title level="s"> Л.Н. Толстой. Полное собрание сочинений. </title>
     </series>
    </biblStruct>
   </sourceDesc>
  </fileDesc>
  <encodingDesc>
   <classDecl>
    <xi:include href="../reference/taxonomy.xml"/>
   </classDecl>
  </encodingDesc>
  <profileDesc>
   <creation>
    <date when="1895"/>
   </creation>
   <langUsage>
    <language ident="ru"/>
   </langUsage>
   <textClass>
    <catRef ana="#works" target="type"/>
    <catRef ana="#nonfiction" target="sphere"/>
    <catRef ana="#statja" target="genre"/>
    <catRef ana="#finished" target="finished"/>
    <catRef ana="#polit_social" target="topic"/>
    <catRef ana="#not_publ" target="published"/>
   </textClass>
  </profileDesc>
 </teiHeader>
 <text xmlns="http://www.tei-c.org/ns/1.0" xmlns:xi="http://www.w3.org/2001/XInclude">
  <body>
   <div>
    <p id="94a486f5-b0d4-4e24-976d-bb72d554d15b">
     <span class="h1"> ПАТРИОТИЗМ ИЛИ МИР? </span>
    </p>
    <p id="ed14455d-fdf2-47fc-8fd9-efa9cd76809a"/>
    <p id="a889682b-b4a8-4077-b6f0-1ec74a3ddb52">
     <span class="epigraph">Милостивый государь</span></p>
    <p id="7e45f7cc-5e8e-41c0-bdef-18fc68737647"><span class="epigraph">Вы пишете мне о том, чтобы я
      высказался по случаю Северо-Американских Штатов с Англией «в интересах христианской
      последовательности и истинного мира», и выражаете надежду, «что народы скоро проснутся к
      единственному средству обеспечить международный мир».<br/>Сократ</span></p>
    <p id="618bb058-6393-4cb6-b7bc-e64420202427"> Если американец <name id="14127">Тургенев</name>
     желает предпочтительного пред всеми другими народами величия и благоденствия Америки, и точно
     того же желает англичанин, и того же желает русский, и турок, и голландец, и абиссинец, <span class="gap" n="3"/>и гражданин Венецуэлы и Трансвааля, и армянин, и поляк, и чех, и все они
     убеждены, что эти желания не только не надо скрывать и подавлять, но что этими желаниями <span class="unclear">можно</span> гордиться и должно развивать их в себе и других, и если величие и
     благоденствие одной страны или народа не может быть приобретено <choice>
      <sic>ин</sic>
      <corr>иначе</corr>
     </choice>, как в ущерб другой или иногда и многих других стран и народов, то как же не быть
     войне. И потому для того, чтобы не было войны, нужно не читать проповеди и молиться богу о том,
     чтобы был мир, не уговаривать English speaking nations<a href="#" data-type="snoska" data-id="1">1</a>
     <span class="note" index="false" resp="volume_editor" id="1"> нации, говорящие
      по-английски</span> быть в дружбе между собою, чтобы <pb n="48"/> властвовать над другими
     народами, не составлять <span class="del">двойственный и тройственный</span> союзы друг против
     друга, не женить принцев на принцессах других народов, а нужно уничтожить то, что производит
     войну. Производит же войну желание исключительного блага своему народу, то, что называется
     патриотизмом. А потому для того, чтобы уничтожить войну, надо уничтожить патриотизм. А чтобы
     уничтожить патриотизм, надо прежде всего убедиться, что он зло,<a href="#" data-type="slovar" data-id="fortuna">фортуна</a> и вот это-то и трудно сделать. </p>
    <p id="9647b450-9648-4198-a6ac-b8828f59de0b"> Хотят или не хотят этого люди, вопрос ясно стоит
     перед человечеством: <span class="hi" data-atribute="razradka"> каким образом может тот
      патриотизм </span> , <span class="hi" data-atribute="italic"> от которого происходят
      неисчислимые как физические </span> , <span class="hi" data-atribute="razradka"> так и
      нравственные страдания людей, </span> — <span class="hi" data-atribute="razradka"> быть нужным
      и быть добродетелью? </span> И ответить на этот вопрос необходимо. Необходимо или показать,
     что патриотизм есть такое великое благо, что он выкупает все те страшные бедствия, какие он
     производит в человечестве, или признать, что патриотизм есть зло, которое не только не надо
     прививать и внушать людям, но от которого надо всеми силами стараться избавиться. </p>
    <p id="f1a71c97-42f2-4712-b8bd-125652269069"><span class="h2"> *II. <br/> ПОЗДРАВИТЕЛЬНЫЕ СТИХИ.
     </span></p>
    <p id="615f17c3-62cd-474c-8057-fd48ea2a26c1"><span class="dateline">1840-года 12 Генваря
     </span></p>
    <p id="ed328346-adaa-424d-affc-5f488ff9488c">
     <span class="h3">Милой Тетиньке </span></p>
    <l id="71bd26e5-190d-49fd-a91f-d5a4264df159"> Пришел желанный день счастливый, </l>
    <l id="30c96d40-3f85-4bf0-a12a-feec006272ad"> И я могу вам доказать </l>
    <l id="4df95db4-c164-433b-8da2-85760bb7c2a5"> Что не дитя я молчаливый </l>
    <l id="e82f90aa-af48-4f2b-8a6c-52d5d54fec9c"> Когда меня ласкала мать. — </l>
    <p id="adc49e7a-9872-495d-9045-c16e7d683251"> Вода проводник, но пар не проводник — 100° не
     могут быть увеличены. — </p>
    <table>
     <tr>
      <td>
       <p id="bcd04bc1-0467-491d-8674-655bf20ade26"> Проводимость </p>
      </td>
      <td>
       <br/>
      </td>
      <td>
       <p id="0fac83cd-8c19-4c41-b5a8-27ba3e604c82">
        <hi> Тепла </hi>
       </p>
      </td>
      <td>
       <br/>
      </td>
      <td>
       <p id="7f8c67dc-7f3f-4a2a-a3aa-c1be8e6c4450">
        <hi>
         <choice original_editorial_correction="Электр[ичества]">
          <sic> Электр </sic>
          <corr> Электричества </corr>
         </choice>
        </hi>
       </p>
      </td>
     </tr>
     <tr>
      <td>
       <p id="24606a61-1c4c-4aba-adf0-77dfb4131713"> Серебро </p>
      </td>
      <td>
       <p id="eef8321d-83b2-490f-b20c-4f05d97b128a"> — </p>
      </td>
      <td>
       <p id="f8859ffd-7436-4524-a3fd-5295d44fa3b0"> 100 </p>
      </td>
      <td>
       <p id="1eef9ff7-a454-4579-9270-a39b81692cb9"> — </p>
      </td>
      <td>
       <p id="4f4c2dfa-f7c7-4713-aa38-dcba10e4bd27"> 100 </p>
      </td>
     </tr>
     <tr>
      <td>
       <p id="1ac46b44-b2eb-4708-a143-f08b7e3b3c80"> Медь </p>
      </td>
      <td>
       <p id="355fc362-136b-4fbc-aaa1-44f2431a9b7f"> — </p>
      </td>
      <td>
       <p id="c3de31bb-bcae-41e2-9e31-bbcdc3fb0086"> 74 </p>
      </td>
      <td>
       <p id="c5118cda-d61c-4de8-9356-cc5d0a3e351a"> — </p>
      </td>
      <td>
       <p id="f1807dc3-4899-4ddb-8be3-5601d082af9d"> 73 </p>
      </td>
     </tr>
     <tr>
      <td>
       <p id="cf0a638e-3729-4d14-ac4c-e3665985650f"> Золото </p>
      </td>
      <td>
       <p id="641aab5f-0be5-4bda-a82a-01fc92794f8e"> — </p>
      </td>
      <td>
       <p id="43e7a72b-a67f-44f2-af27-958c58962181"> 53 </p>
      </td>
      <td>
       <p id="2f3c477a-9eee-4660-b2c0-a3e755c8ade6"> — </p>
      </td>
      <td>
       <p id="78397072-6d8d-49bd-834b-91d7c0575e76"> 59 </p>
      </td>
     </tr>
     <tr>
      <td>
       <p id="6ac6f453-2814-4baa-83e2-b662e183db62"> Олово Messing <a href="#" data-type="snoska" id="note184">184</a><span class="note" id="note184"> [латунь] </span>
       </p>
      </td>
      <td>
       <p id="cbe4f1ad-012d-4015-84bc-bf9ab3afabfb"> — </p>
      </td>
      <td>
       <p id="a4491478-a7a0-4b69-819c-f9118d3ba1ed"> 24 </p>
      </td>
      <td>
       <p id="0c44e896-3b4f-4dea-99c6-a2c7cf4c0e16"> — </p>
      </td>
      <td>
       <p id="8770c6fb-22d7-4c81-b55c-4e288ce679cf"> 22 </p>
      </td>
     </tr>
     <tr>
      <td>
       <p id="b2b17350-3992-49a0-8471-5b2f520a2267"> Zinn <a href="#" data-type="snoska" id="note185">185</a><span class="note" id="note185"> [олово] </span>
       </p>
      </td>
      <td>
       <p id="fd3bd7d2-0cd8-45ba-9b0b-ac8bbe436f5c"> — </p>
      </td>
      <td>
       <p id="f7cc4a78-f305-4fe6-aba2-0dd47fbf431e"> 15 </p>
      </td>
      <td>
       <p id="35db70f9-4391-4756-be8b-cee92a55cfde"> — </p>
      </td>
      <td>
       <p id="cd34d6d3-341b-4df7-9540-c1ce2ac0d96b"> 23 </p>
      </td>
     </tr>
     <tr>
      <td>
       <p id="81af5563-54c9-4b9a-a288-3f0d798c7fe1"> Железо </p>
      </td>
      <td>
       <p id="d54d7c2c-1437-4f51-aa86-f4b0dac92d60"> — </p>
      </td>
      <td>
       <p id="2b70d1c7-a693-4613-93ed-8eacb945b5b0"> 12 </p>
      </td>
      <td>
       <p id="8c191d04-db63-4bdc-b5f0-ada6d7a0e2f8"> — </p>
      </td>
      <td>
       <p id="c34ab60e-d43f-4d78-9681-1c7079660cc9"> 13 </p>
      </td>
     </tr>
     <tr>
      <td>
       <p id="2bf4950e-a49d-4d97-bd6d-328eab44a594"> Свинец </p>
      </td>
      <td>
       <p id="f7b310cb-98df-4a55-9232-d56dc444b77d"> — </p>
      </td>
      <td>
       <p id="cddc0629-261e-4eb4-ad75-acd3c4ffc313"> 9 </p>
      </td>
      <td>
       <p id="9908bbf7-b245-4c39-a3bf-4b00af8a7b23"> — </p>
      </td>
      <td>
       <p id="7346d2d5-81e6-4f28-a776-bc43b6ee8609"> 11 </p>
      </td>
     </tr>
     <tr>
      <td>
       <p id="70d1e40e-f0a0-486b-b15c-524d87a5fa04"> Платина </p>
      </td>
      <td>
       <p id="1de26596-c66c-4f87-894e-1de72a794bf4"> — </p>
      </td>
      <td>
       <p id="d35a388a-57ea-427c-b7a6-fd0080fa8c79"> 8 </p>
      </td>
      <td>
       <p id="53a4fb92-e39d-42e2-811b-028eb059af3e"> — </p>
      </td>
      <td>
       <p id="cc88b2ea-2d84-4854-a077-15b3b4e6e3f7"> 10 </p>
      </td>
     </tr>
     <tr>
      <td>
       <p id="bd311eaa-25ed-4dea-90c9-d0f109149624"> Новое серебро </p>
      </td>
      <td>
       <p id="a641810f-d7d7-4e5e-990c-3efb4037fc23"> — </p>
      </td>
      <td>
       <p id="80ac48cc-c91f-478a-8cd7-70b808e323c1"> 6 </p>
      </td>
      <td>
       <p id="3d39f495-7052-4398-ae63-fd8ae928c8d1"> — </p>
      </td>
      <td>
       <p id="3c663cbc-c428-434b-a549-528b2b55d5b3"> 6 </p>
      </td>
     </tr>
     <tr>
      <td>
       <p id="0737e456-d839-4794-bf4f-cd426c503f54">
        <a href="../../reference/Dictionary.xml" data-type="slovar" data-id="vismut"> Висмут </a>
       </p>
      </td>
      <td>
       <p id="ccea2edf-7cce-4cba-a34c-57bbf6937eee"> — </p>
      </td>
      <td>
       <p id="e065bed3-72c0-44fb-b48a-bea5d36391e6"> 2 </p>
      </td>
      <td>
       <p id="82dc5993-d4b2-4a43-b0cd-0db23bfdf363"> — </p>
      </td>
      <td>
       <p id="8b127028-0e26-4239-be8a-f091a3d3d16f"> 2 </p>
      </td>
     </tr>
    </table>
    <p id="d4287777-73cc-4bba-bcb9-13101a0c724e">
     <span class="line"/></p>
    <p id="917a3d6e-f197-444e-b6d0-a7ab806ad7c7"><span class="opener"> * 20. П. В. Морозову.1874 г.
      Марта 20—21? Я. П. </span></p>
    <p id="9eca0e32-0383-4afa-b8b8-f97eab26d608"> Вы меня спрашиваете: соглашаться ли на то, чтоб"ы
     экзамены были на страстной? Ничего не могу ответить, потому что ничего не знаю об успехах
     учеников со времени моего отъезда из Москвы. </p>
    <p id="fd199bf7-f1d3-42af-90fe-37937f8b54ef"> Из писем ваших последнее, что я знаю о меньших,
     это то, что вы заставляете их читать врозь и они приучаются к рассказу; но как, сколько успели,
     ничего не знаю и потому ничего не могу сказать. Разумеется, желательно бы было делать
     испытания, когда меньше будут читать без складов, потому что <pb n="235"/> к складам будут
     придираться, но отказываться от испытания все-таки не следует, в каком бы положении ни было
     дело. Я вам писал, чтобы вы приехали в субботу, если в Благовещенье не будут учиться; во всяком
     случае приезжайте в субботу, хоть на одно воскресенье. Я вышлю за вами на Козловку. Перед
     отъездом задайте всем ученикам, обдумав хорошенько, по их силам уроки писания и чтения на день
     или на оба дня. Давайте теперь и Азбуку на дом, но только чтобы она не попадала в руки ученикам
     противной стороны. Привезите с собой побольше образцов писания учеников и хорошенько запомните,
     как каждый из них читает, с тем чтобы мне ясно рассказать. </p>
    <p id="74aa54e5-1995-4b8c-906f-8b47e6894c4d" class="comments" index="false"> Печатается по
     машинописной копии. Датируется по содержанию и в соответствии с письмом № 20 (см. прим. к
     нему).</p>
   </div>
  </body>
 </text>
</TEI>